<?xml version="1.0" encoding="UTF-8"?>
<!-- Generated by org.testng.reporters.JUnitReportReporter -->
<testsuite skipped="0" hostname="LAPTOP-SK834QD8" name="com.test.Dashboard" tests="1" failures="0" timestamp="20 Feb 2022 03:53:29 GMT" time="0.007" errors="0">
  <testcase name="test03" time="0.007" classname="com.test.Dashboard"/>
</testsuite> <!-- com.test.Dashboard -->
