<?xml version="1.0" encoding="UTF-8"?>
<!-- Generated by org.testng.reporters.JUnitReportReporter -->
<testsuite skipped="0" hostname="LAPTOP-SK834QD8" name="com.test.LoginTest2" tests="1" failures="0" timestamp="04 Mar 2022 13:36:50 GMT" time="5.390" errors="0">
  <testcase name="test01" time="5.390" classname="com.test.LoginTest2"/>
</testsuite> <!-- com.test.LoginTest2 -->
