<?xml version="1.0" encoding="UTF-8"?>
<!-- Generated by org.testng.reporters.JUnitReportReporter -->
<testsuite skipped="0" hostname="LAPTOP-SK834QD8" name="com.test.DemoTest" tests="1" failures="0" timestamp="20 Feb 2022 03:53:29 GMT" time="0.005" errors="0">
  <testcase name="test01" time="0.005" classname="com.test.DemoTest"/>
</testsuite> <!-- com.test.DemoTest -->
